生成启动时间为 2021/9/8 10:24:42。
     1>项目“C:\tool\HashDiff\HashDiff\HashDiff.vcxproj”在节点 2 上(build 个目标)。
     1>InitializeBuildStatus:
         正在对“Debug\HashDiff.unsuccessfulbuild”执行 Touch 任务。
       ClCompile:
         所有输出均为最新。
         E:\Program Files (x86)\Microsoft Visual Studio 10.0\VC\bin\CL.exe /c /ZI /nologo /W3 /WX- /Od /Oy- /D WIN32 /D _WINDOWS /D _DEBUG /D _UNICODE /D UNICODE /Gm /EHsc /RTC1 /MTd /GS /fp:precise /Zc:wchar_t /Zc:forScope /Yu"StdAfx.h" /Fp"Debug\HashDiff.pch" /Fo"Debug\\" /Fd"Debug\vc100.pdb" /Gd /TP /analyze- /errorReport:prompt HashCompare.cpp HashDiff.cpp HashDiffDlg.cpp
         HashDiffDlg.cpp
     1>e:\program files (x86)\microsoft visual studio 10.0\vc\include\locale.h(28): error C2143: 语法错误 : 缺少“;”(在“字符串”的前面)
     1>e:\program files (x86)\microsoft visual studio 10.0\vc\include\locale.h(28): error C2059: 语法错误:“字符串”
     1>e:\program files (x86)\microsoft visual studio 10.0\vc\include\locale.h(28): error C2143: 语法错误 : 缺少“;”(在“{”的前面)
     1>e:\program files (x86)\microsoft visual studio 10.0\vc\include\locale.h(28): error C2447: “{”: 缺少函数标题(是否是老式的形式表?)
     1>e:\program files (x86)\microsoft visual studio 10.0\vc\include\xlocinfo(128): error C3861: “localeconv”: 找不到标识符
         HashDiff.cpp
     1>e:\program files (x86)\microsoft visual studio 10.0\vc\include\locale.h(28): error C2143: 语法错误 : 缺少“;”(在“字符串”的前面)
     1>e:\program files (x86)\microsoft visual studio 10.0\vc\include\locale.h(28): error C2059: 语法错误:“字符串”
     1>e:\program files (x86)\microsoft visual studio 10.0\vc\include\locale.h(28): error C2143: 语法错误 : 缺少“;”(在“{”的前面)
     1>e:\program files (x86)\microsoft visual studio 10.0\vc\include\locale.h(28): error C2447: “{”: 缺少函数标题(是否是老式的形式表?)
     1>e:\program files (x86)\microsoft visual studio 10.0\vc\include\xlocinfo(128): error C3861: “localeconv”: 找不到标识符
         HashCompare.cpp
     1>e:\program files (x86)\microsoft visual studio 10.0\vc\include\locale.h(28): error C2143: 语法错误 : 缺少“;”(在“字符串”的前面)
     1>e:\program files (x86)\microsoft visual studio 10.0\vc\include\locale.h(28): error C2059: 语法错误:“字符串”
     1>e:\program files (x86)\microsoft visual studio 10.0\vc\include\locale.h(28): error C2143: 语法错误 : 缺少“;”(在“{”的前面)
     1>e:\program files (x86)\microsoft visual studio 10.0\vc\include\locale.h(28): error C2447: “{”: 缺少函数标题(是否是老式的形式表?)
     1>e:\program files (x86)\microsoft visual studio 10.0\vc\include\xlocinfo(128): error C3861: “localeconv”: 找不到标识符
     1>c:\tool\hashdiff\hashdiff\hashcompare.cpp(374): warning C4018: “>=”: 有符号/无符号不匹配
         正在生成代码...
     1>已完成生成项目“C:\tool\HashDiff\HashDiff\HashDiff.vcxproj”(build 个目标)的操作 - 失败。

生成失败。

已用时间 00:00:01.78
