C:\TOOL\HASHDIFF\DEBUG\HASHDIFF.EXE
C:\TOOL\HASHDIFF\DEBUG\HASHDIFF.ILK
C:\TOOL\HASHDIFF\DEBUG\HASHDIFF.PDB
C:\tool\HashDiff\HashDiff\Debug\cl.command.1.tlog
C:\tool\HashDiff\HashDiff\Debug\CL.read.1.tlog
C:\tool\HashDiff\HashDiff\Debug\CL.write.1.tlog
C:\TOOL\HASHDIFF\HASHDIFF\DEBUG\COMMON.OBJ
C:\TOOL\HASHDIFF\HASHDIFF\DEBUG\HASHCALC.OBJ
C:\TOOL\HASHDIFF\HASHDIFF\DEBUG\HASHCOMPARE.OBJ
C:\TOOL\HASHDIFF\HASHDIFF\DEBUG\HASHDIFF.EXE.EMBED.MANIFEST
C:\TOOL\HASHDIFF\HASHDIFF\DEBUG\HASHDIFF.EXE.EMBED.MANIFEST.RES
C:\TOOL\HASHDIFF\HASHDIFF\DEBUG\HASHDIFF.EXE.INTERMEDIATE.MANIFEST
C:\TOOL\HASHDIFF\HASHDIFF\DEBUG\HASHDIFF.OBJ
C:\TOOL\HASHDIFF\HASHDIFF\DEBUG\HASHDIFF.PCH
C:\TOOL\HASHDIFF\HASHDIFF\DEBUG\HASHDIFF.RES
C:\tool\HashDiff\HashDiff\Debug\HashDiff.vcxprojResolveAssemblyReference.cache
C:\tool\HashDiff\HashDiff\Debug\HashDiff.write.1.tlog
C:\tool\HashDiff\HashDiff\Debug\HashDiff_manifest.rc
C:\TOOL\HASHDIFF\HASHDIFF\DEBUG\HASHDIFFDLG.OBJ
C:\tool\HashDiff\HashDiff\Debug\link.2196.read.1.tlog
C:\tool\HashDiff\HashDiff\Debug\link.2196.write.1.tlog
C:\tool\HashDiff\HashDiff\Debug\link.2196-cvtres.read.1.tlog
C:\tool\HashDiff\HashDiff\Debug\link.2196-cvtres.write.1.tlog
C:\tool\HashDiff\HashDiff\Debug\link.2756.read.1.tlog
C:\tool\HashDiff\HashDiff\Debug\link.2756.write.1.tlog
C:\tool\HashDiff\HashDiff\Debug\link.2756-cvtres.read.1.tlog
C:\tool\HashDiff\HashDiff\Debug\link.2756-cvtres.write.1.tlog
C:\tool\HashDiff\HashDiff\Debug\link.7952.read.1.tlog
C:\tool\HashDiff\HashDiff\Debug\link.7952.write.1.tlog
C:\tool\HashDiff\HashDiff\Debug\link.7952-cvtres.read.1.tlog
C:\tool\HashDiff\HashDiff\Debug\link.7952-cvtres.write.1.tlog
C:\tool\HashDiff\HashDiff\Debug\link.8524.read.1.tlog
C:\tool\HashDiff\HashDiff\Debug\link.8524.write.1.tlog
C:\tool\HashDiff\HashDiff\Debug\link.8524-cvtres.read.1.tlog
C:\tool\HashDiff\HashDiff\Debug\link.8524-cvtres.write.1.tlog
C:\tool\HashDiff\HashDiff\Debug\link.command.1.tlog
C:\tool\HashDiff\HashDiff\Debug\link.read.1.tlog
C:\tool\HashDiff\HashDiff\Debug\link.write.1.tlog
C:\tool\HashDiff\HashDiff\Debug\link-cvtres.read.1.tlog
C:\tool\HashDiff\HashDiff\Debug\link-cvtres.write.1.tlog
C:\TOOL\HASHDIFF\HASHDIFF\DEBUG\MD5.OBJ
C:\tool\HashDiff\HashDiff\Debug\mt.command.1.tlog
C:\tool\HashDiff\HashDiff\Debug\mt.read.1.tlog
C:\tool\HashDiff\HashDiff\Debug\mt.write.1.tlog
C:\tool\HashDiff\HashDiff\Debug\rc.command.1.tlog
C:\tool\HashDiff\HashDiff\Debug\rc.read.1.tlog
C:\tool\HashDiff\HashDiff\Debug\rc.write.1.tlog
C:\TOOL\HASHDIFF\HASHDIFF\DEBUG\SEARCH.OBJ
C:\TOOL\HASHDIFF\HASHDIFF\DEBUG\STDAFX.OBJ
C:\tool\HashDiff\HashDiff\Debug\vc100.idb
C:\TOOL\HASHDIFF\HASHDIFF\DEBUG\VC100.PDB
