C:\tool\HashDiff\HashDiff\Release\cl.command.1.tlog
C:\tool\HashDiff\HashDiff\Release\CL.read.1.tlog
C:\tool\HashDiff\HashDiff\Release\CL.write.1.tlog
C:\TOOL\HASHDIFF\HASHDIFF\RELEASE\COMMON.OBJ
C:\TOOL\HASHDIFF\HASHDIFF\RELEASE\CRC32.OBJ
C:\TOOL\HASHDIFF\HASHDIFF\RELEASE\HASHCALC.OBJ
C:\TOOL\HASHDIFF\HASHDIFF\RELEASE\HASHCOMPARE.OBJ
C:\TOOL\HASHDIFF\HASHDIFF\RELEASE\HASHDIFF.EXE.INTERMEDIATE.MANIFEST
C:\TOOL\HASHDIFF\HASHDIFF\RELEASE\HASHDIFF.OBJ
C:\TOOL\HASHDIFF\HASHDIFF\RELEASE\HASHDIFF.PCH
C:\TOOL\HASHDIFF\HASHDIFF\RELEASE\HASHDIFF.RES
C:\tool\HashDiff\HashDiff\Release\HashDiff.vcxprojResolveAssemblyReference.cache
C:\tool\HashDiff\HashDiff\Release\HashDiff.write.1.tlog
C:\TOOL\HASHDIFF\HASHDIFF\RELEASE\HASHDIFFDLG.OBJ
C:\tool\HashDiff\HashDiff\Release\link.command.1.tlog
C:\tool\HashDiff\HashDiff\Release\link.read.1.tlog
C:\tool\HashDiff\HashDiff\Release\link.write.1.tlog
C:\tool\HashDiff\HashDiff\Release\link-cvtres.read.1.tlog
C:\tool\HashDiff\HashDiff\Release\link-cvtres.write.1.tlog
C:\TOOL\HASHDIFF\HASHDIFF\RELEASE\MD5.OBJ
C:\tool\HashDiff\HashDiff\Release\mt.command.1.tlog
C:\tool\HashDiff\HashDiff\Release\mt.read.1.tlog
C:\tool\HashDiff\HashDiff\Release\mt.write.1.tlog
C:\tool\HashDiff\HashDiff\Release\rc.command.1.tlog
C:\tool\HashDiff\HashDiff\Release\rc.read.1.tlog
C:\tool\HashDiff\HashDiff\Release\rc.write.1.tlog
C:\TOOL\HASHDIFF\HASHDIFF\RELEASE\README.OBJ
C:\TOOL\HASHDIFF\HASHDIFF\RELEASE\SEARCH.OBJ
C:\TOOL\HASHDIFF\HASHDIFF\RELEASE\SHA1.OBJ
C:\TOOL\HASHDIFF\HASHDIFF\RELEASE\SHA256.OBJ
C:\TOOL\HASHDIFF\HASHDIFF\RELEASE\STDAFX.OBJ
C:\TOOL\HASHDIFF\HASHDIFF\RELEASE\VC100.PDB
C:\TOOL\HASHDIFF\RELEASE\HASHDIFF.EXE
